{"J:\\CODE\\GitHub\\ajs-3_matchers\\src\\app.js": {"path":"J:\\CODE\\GitHub\\ajs-3_matchers\\src\\app.js","statementMap":{"0":{"start":{"line":2,"column":2},"end":{"line":2,"column":56}},"1":{"start":{"line":2,"column":35},"end":{"line":2,"column":54}}},"fnMap":{"0":{"name":"sortCharsHealth","decl":{"start":{"line":1,"column":24},"end":{"line":1,"column":39}},"loc":{"start":{"line":1,"column":52},"end":{"line":3,"column":1}},"line":1},"1":{"name":"(anonymous_1)","decl":{"start":{"line":2,"column":25},"end":{"line":2,"column":26}},"loc":{"start":{"line":2,"column":35},"end":{"line":2,"column":54}},"line":2}},"branchMap":{},"s":{"0":1,"1":3},"f":{"0":1,"1":3},"b":{},"_coverageSchema":"43e27e138ebf9cfc5966b082cf9a028302ed4184","hash":"aa4657db635a93e1b5ac3089978693ddfe014606"}
}
